<?xml version="1.0" encoding="UTF-8"?>
<!-- Generated by org.testng.reporters.JUnitReportReporter -->
<testsuite skipped="0" hostname="DESKTOP-4L587P7"
	name="contatrack.ai.demoTestNG" tests="1" failures="0"
	timestamp="22 Dec 2020 06:53:34 GMT" time="0.005" errors="0">
	<testcase name="test1" time="0.005"
		classname="contatrack.ai.demoTestNG" />
</testsuite> <!-- contatrack.ai.demoTestNG -->
