<?xml version="1.0" encoding="UTF-8"?>
<!-- Generated by org.testng.reporters.JUnitReportReporter -->
<testsuite skipped="40" hostname="DESKTOP-4L587P7" name="contatrack.ai.TESTNGpositiveproduction" tests="41" failures="0" timestamp="27 Apr 2021 13:54:50 GMT" time="1.691" errors="1">
  <testcase name="generateBrowser" time="1.691" classname="contatrack.ai.TESTNGpositiveproduction">
    <error type="org.openqa.selenium.SessionNotCreatedException" message="session not created: This version of ChromeDriver only supports Chrome version 88
Current browser version is 90.0.4430.85 with binary path C:\Program Files (x86)\Google\Chrome\Application\chrome.exe
Build info: version: &#039;3.141.59&#039;, revision: &#039;e82be7d358&#039;, time: &#039;2018-11-14T08:25:48&#039;
System info: host: &#039;DESKTOP-4L587P7&#039;, ip: &#039;192.168.43.72&#039;, os.name: &#039;Windows 10&#039;, os.arch: &#039;amd64&#039;, os.version: &#039;10.0&#039;, java.version: &#039;1.8.0_271&#039;
Driver info: driver.version: ChromeDriver
remote stacktrace: Backtrace:
	GetHandleVerifier [0x00BCB963+483]
	GetHandleVerifier [0x00BCB941+449]
	GetHandleVerifier [0x00F73308+3832712]
	GetHandleVerifier [0x00F8D69A+3940122]
	GetHandleVerifier [0x00F89AFB+3924859]
	GetHandleVerifier [0x00F87D9C+3917340]
	GetHandleVerifier [0x00FAE7FE+4075646]
	GetHandleVerifier [0x00FAE56C+4074988]
	GetHandleVerifier [0x00FAB2EB+4062059]
	GetHandleVerifier [0x00F8ED14+3945876]
	GetHandleVerifier [0x00F8FBCE+3949646]
	GetHandleVerifier [0x00F8FB59+3949529]
	Ordinal0 [0x00B8B5CC+46540]
	Ordinal0 [0x00B89F53+40787]
	Ordinal0 [0x00B89B12+39698]
	GetHandleVerifier [0x00E91468+2907368]
	GetHandleVerifier [0x00CD71EE+1096302]
	GetHandleVerifier [0x00C93E8D+821005]
	GetHandleVerifier [0x00C9396B+819691]
	GetHandleVerifier [0x00C93881+819457]
	GetHandleVerifier [0x00CBF463+998627]
	BaseThreadInitThunk [0x74DA6359+25]
	RtlGetAppContainerNamedObjectPath [0x77468964+228]
	RtlGetAppContainerNamedObjectPath [0x77468934+180]
">
      <![CDATA[org.openqa.selenium.SessionNotCreatedException: session not created: This version of ChromeDriver only supports Chrome version 88
Current browser version is 90.0.4430.85 with binary path C:\Program Files (x86)\Google\Chrome\Application\chrome.exe
Build info: version: '3.141.59', revision: 'e82be7d358', time: '2018-11-14T08:25:48'
System info: host: 'DESKTOP-4L587P7', ip: '192.168.43.72', os.name: 'Windows 10', os.arch: 'amd64', os.version: '10.0', java.version: '1.8.0_271'
Driver info: driver.version: ChromeDriver
remote stacktrace: Backtrace:
GetHandleVerifier [0x00BCB963+483]
GetHandleVerifier [0x00BCB941+449]
GetHandleVerifier [0x00F73308+3832712]
GetHandleVerifier [0x00F8D69A+3940122]
GetHandleVerifier [0x00F89AFB+3924859]
GetHandleVerifier [0x00F87D9C+3917340]
GetHandleVerifier [0x00FAE7FE+4075646]
GetHandleVerifier [0x00FAE56C+4074988]
GetHandleVerifier [0x00FAB2EB+4062059]
GetHandleVerifier [0x00F8ED14+3945876]
GetHandleVerifier [0x00F8FBCE+3949646]
GetHandleVerifier [0x00F8FB59+3949529]
Ordinal0 [0x00B8B5CC+46540]
Ordinal0 [0x00B89F53+40787]
Ordinal0 [0x00B89B12+39698]
GetHandleVerifier [0x00E91468+2907368]
GetHandleVerifier [0x00CD71EE+1096302]
GetHandleVerifier [0x00C93E8D+821005]
GetHandleVerifier [0x00C9396B+819691]
GetHandleVerifier [0x00C93881+819457]
GetHandleVerifier [0x00CBF463+998627]
BaseThreadInitThunk [0x74DA6359+25]
RtlGetAppContainerNamedObjectPath [0x77468964+228]
RtlGetAppContainerNamedObjectPath [0x77468934+180]

at sun.reflect.NativeConstructorAccessorImpl.newInstance0(Native Method)
at sun.reflect.NativeConstructorAccessorImpl.newInstance(Unknown Source)
at sun.reflect.DelegatingConstructorAccessorImpl.newInstance(Unknown Source)
at java.lang.reflect.Constructor.newInstance(Unknown Source)
at org.openqa.selenium.remote.W3CHandshakeResponse.lambda$errorHandler$0(W3CHandshakeResponse.java:62)
at org.openqa.selenium.remote.HandshakeResponse.lambda$getResponseFunction$0(HandshakeResponse.java:30)
at org.openqa.selenium.remote.ProtocolHandshake.lambda$createSession$0(ProtocolHandshake.java:126)
at java.util.stream.ReferencePipeline$3$1.accept(Unknown Source)
at java.util.Spliterators$ArraySpliterator.tryAdvance(Unknown Source)
at java.util.stream.ReferencePipeline.forEachWithCancel(Unknown Source)
at java.util.stream.AbstractPipeline.copyIntoWithCancel(Unknown Source)
at java.util.stream.AbstractPipeline.copyInto(Unknown Source)
at java.util.stream.AbstractPipeline.wrapAndCopyInto(Unknown Source)
at java.util.stream.FindOps$FindOp.evaluateSequential(Unknown Source)
at java.util.stream.AbstractPipeline.evaluate(Unknown Source)
at java.util.stream.ReferencePipeline.findFirst(Unknown Source)
at org.openqa.selenium.remote.ProtocolHandshake.createSession(ProtocolHandshake.java:128)
at org.openqa.selenium.remote.ProtocolHandshake.createSession(ProtocolHandshake.java:74)
at org.openqa.selenium.remote.HttpCommandExecutor.execute(HttpCommandExecutor.java:136)
at org.openqa.selenium.remote.service.DriverCommandExecutor.execute(DriverCommandExecutor.java:83)
at org.openqa.selenium.remote.RemoteWebDriver.execute(RemoteWebDriver.java:552)
at org.openqa.selenium.remote.RemoteWebDriver.startSession(RemoteWebDriver.java:213)
at org.openqa.selenium.remote.RemoteWebDriver.<init>(RemoteWebDriver.java:131)
at org.openqa.selenium.chrome.ChromeDriver.<init>(ChromeDriver.java:181)
at org.openqa.selenium.chrome.ChromeDriver.<init>(ChromeDriver.java:168)
at org.openqa.selenium.chrome.ChromeDriver.<init>(ChromeDriver.java:123)
at contatrack.ai.TESTNGpositiveproduction.generateBrowser(TESTNGpositiveproduction.java:30)
at sun.reflect.NativeMethodAccessorImpl.invoke0(Native Method)
at sun.reflect.NativeMethodAccessorImpl.invoke(Unknown Source)
at sun.reflect.DelegatingMethodAccessorImpl.invoke(Unknown Source)
at java.lang.reflect.Method.invoke(Unknown Source)
at org.testng.internal.MethodInvocationHelper.invokeMethod(MethodInvocationHelper.java:124)
at org.testng.internal.MethodInvocationHelper.invokeMethodConsideringTimeout(MethodInvocationHelper.java:59)
at org.testng.internal.Invoker.invokeConfigurationMethod(Invoker.java:458)
at org.testng.internal.Invoker.invokeConfigurations(Invoker.java:222)
at org.testng.internal.Invoker.invokeConfigurations(Invoker.java:142)
at org.testng.TestRunner.beforeRun(TestRunner.java:529)
at org.testng.TestRunner.run(TestRunner.java:497)
at org.testng.SuiteRunner.runTest(SuiteRunner.java:455)
at org.testng.SuiteRunner.runSequentially(SuiteRunner.java:450)
at org.testng.SuiteRunner.privateRun(SuiteRunner.java:415)
at org.testng.SuiteRunner.run(SuiteRunner.java:364)
at org.testng.SuiteRunnerWorker.runSuite(SuiteRunnerWorker.java:52)
at org.testng.SuiteRunnerWorker.run(SuiteRunnerWorker.java:84)
at org.testng.TestNG.runSuitesSequentially(TestNG.java:1208)
at org.testng.TestNG.runSuitesLocally(TestNG.java:1137)
at org.testng.TestNG.runSuites(TestNG.java:1049)
at org.testng.TestNG.run(TestNG.java:1017)
at org.testng.remote.AbstractRemoteTestNG.run(AbstractRemoteTestNG.java:115)
at org.testng.remote.RemoteTestNG.initAndRun(RemoteTestNG.java:251)
at org.testng.remote.RemoteTestNG.main(RemoteTestNG.java:77)
]]>
    </error>
  </testcase> <!-- generateBrowser -->
  <testcase name="login" time="0.000" classname="contatrack.ai.TESTNGpositiveproduction">
    <skipped/>
  </testcase> <!-- login -->
  <testcase name="dashboard" time="0.000" classname="contatrack.ai.TESTNGpositiveproduction">
    <skipped/>
  </testcase> <!-- dashboard -->
  <testcase name="Tracing" time="0.000" classname="contatrack.ai.TESTNGpositiveproduction">
    <skipped/>
  </testcase> <!-- Tracing -->
  <testcase name="exportstatus" time="0.000" classname="contatrack.ai.TESTNGpositiveproduction">
    <skipped/>
  </testcase> <!-- exportstatus -->
  <testcase name="Breachcsv" time="0.000" classname="contatrack.ai.TESTNGpositiveproduction">
    <skipped/>
  </testcase> <!-- Breachcsv -->
  <testcase name="EmployeeDirectory" time="0.000" classname="contatrack.ai.TESTNGpositiveproduction">
    <skipped/>
  </testcase> <!-- EmployeeDirectory -->
  <testcase name="AddEmployee" time="0.000" classname="contatrack.ai.TESTNGpositiveproduction">
    <skipped/>
  </testcase> <!-- AddEmployee -->
  <testcase name="computervision" time="0.000" classname="contatrack.ai.TESTNGpositiveproduction">
    <skipped/>
  </testcase> <!-- computervision -->
  <testcase name="AddCamera" time="0.000" classname="contatrack.ai.TESTNGpositiveproduction">
    <skipped/>
  </testcase> <!-- AddCamera -->
  <testcase name="Dashboard" time="0.000" classname="contatrack.ai.TESTNGpositiveproduction">
    <skipped/>
  </testcase> <!-- Dashboard -->
  <testcase name="BIReportIFrame" time="0.000" classname="contatrack.ai.TESTNGpositiveproduction">
    <skipped/>
  </testcase> <!-- BIReportIFrame -->
  <testcase name="DistanceandTimeMetrickandIFrameClear" time="0.000" classname="contatrack.ai.TESTNGpositiveproduction">
    <skipped/>
  </testcase> <!-- DistanceandTimeMetrickandIFrameClear -->
  <testcase name="GeoFencingEnableandDisable" time="0.000" classname="contatrack.ai.TESTNGpositiveproduction">
    <skipped/>
  </testcase> <!-- GeoFencingEnableandDisable -->
  <testcase name="ClickOnSubmitButton" time="0.000" classname="contatrack.ai.TESTNGpositiveproduction">
    <skipped/>
  </testcase> <!-- ClickOnSubmitButton -->
  <testcase name="ScroolDownToUP" time="0.000" classname="contatrack.ai.TESTNGpositiveproduction">
    <skipped/>
  </testcase> <!-- ScroolDownToUP -->
  <testcase name="ClickOnAnalytics" time="0.000" classname="contatrack.ai.TESTNGpositiveproduction">
    <skipped/>
  </testcase> <!-- ClickOnAnalytics -->
  <testcase name="SelectOnPrimaryContact" time="0.000" classname="contatrack.ai.TESTNGpositiveproduction">
    <skipped/>
  </testcase> <!-- SelectOnPrimaryContact -->
  <testcase name="SelectOnSecondaryContact" time="0.000" classname="contatrack.ai.TESTNGpositiveproduction">
    <skipped/>
  </testcase> <!-- SelectOnSecondaryContact -->
  <testcase name="Continouslistdatadownloadd" time="0.000" classname="contatrack.ai.TESTNGpositiveproduction">
    <skipped/>
  </testcase> <!-- Continouslistdatadownloadd -->
  <testcase name="DropdownSelect" time="0.000" classname="contatrack.ai.TESTNGpositiveproduction">
    <skipped/>
  </testcase> <!-- DropdownSelect -->
  <testcase name="ChangePassword" time="0.000" classname="contatrack.ai.TESTNGpositiveproduction">
    <skipped/>
  </testcase> <!-- ChangePassword -->
  <testcase name="Clickonupdatebutton" time="0.000" classname="contatrack.ai.TESTNGpositiveproduction">
    <skipped/>
  </testcase> <!-- Clickonupdatebutton -->
  <testcase name="GuidePage" time="0.000" classname="contatrack.ai.TESTNGpositiveproduction">
    <skipped/>
  </testcase> <!-- GuidePage -->
  <testcase name="EnterTheAllDetails" time="0.000" classname="contatrack.ai.TESTNGpositiveproduction">
    <skipped/>
  </testcase> <!-- EnterTheAllDetails -->
  <testcase name="ClickOnTheSubmitButton" time="0.000" classname="contatrack.ai.TESTNGpositiveproduction">
    <skipped/>
  </testcase> <!-- ClickOnTheSubmitButton -->
  <testcase name="ClickOnTheSuccessfullMessageOkButton" time="0.000" classname="contatrack.ai.TESTNGpositiveproduction">
    <skipped/>
  </testcase> <!-- ClickOnTheSuccessfullMessageOkButton -->
  <testcase name="EnterTheContactUsPage" time="0.000" classname="contatrack.ai.TESTNGpositiveproduction">
    <skipped/>
  </testcase> <!-- EnterTheContactUsPage -->
  <testcase name="BlogPage" time="0.000" classname="contatrack.ai.TESTNGpositiveproduction">
    <skipped/>
  </testcase> <!-- BlogPage -->
  <testcase name="ClickOnThePricingPage" time="0.000" classname="contatrack.ai.TESTNGpositiveproduction">
    <skipped/>
  </testcase> <!-- ClickOnThePricingPage -->
  <testcase name="PricingPageScrollUpToDown" time="0.000" classname="contatrack.ai.TESTNGpositiveproduction">
    <skipped/>
  </testcase> <!-- PricingPageScrollUpToDown -->
  <testcase name="ClickOnSignupPage" time="0.000" classname="contatrack.ai.TESTNGpositiveproduction">
    <skipped/>
  </testcase> <!-- ClickOnSignupPage -->
  <testcase name="EnterTheDetails" time="0.000" classname="contatrack.ai.TESTNGpositiveproduction">
    <skipped/>
  </testcase> <!-- EnterTheDetails -->
  <testcase name="ClickTheSubmitButton" time="0.000" classname="contatrack.ai.TESTNGpositiveproduction">
    <skipped/>
  </testcase> <!-- ClickTheSubmitButton -->
  <testcase name="SucesfullMessage" time="0.000" classname="contatrack.ai.TESTNGpositiveproduction">
    <skipped/>
  </testcase> <!-- SucesfullMessage -->
  <testcase name="ClickOnSignButton" time="0.000" classname="contatrack.ai.TESTNGpositiveproduction">
    <skipped/>
  </testcase> <!-- ClickOnSignButton -->
  <testcase name="ClickOnForgetPasswordOption" time="0.000" classname="contatrack.ai.TESTNGpositiveproduction">
    <skipped/>
  </testcase> <!-- ClickOnForgetPasswordOption -->
  <testcase name="EnterTheEmail" time="0.000" classname="contatrack.ai.TESTNGpositiveproduction">
    <skipped/>
  </testcase> <!-- EnterTheEmail -->
  <testcase name="SubmitButton" time="0.000" classname="contatrack.ai.TESTNGpositiveproduction">
    <skipped/>
  </testcase> <!-- SubmitButton -->
  <testcase name="WaitForTheForgotPasswordButton" time="0.000" classname="contatrack.ai.TESTNGpositiveproduction">
    <skipped/>
  </testcase> <!-- WaitForTheForgotPasswordButton -->
  <testcase name="RedirectToTheHomePage" time="0.000" classname="contatrack.ai.TESTNGpositiveproduction">
    <skipped/>
  </testcase> <!-- RedirectToTheHomePage -->
</testsuite> <!-- contatrack.ai.TESTNGpositiveproduction -->
